# JRE version: OpenJDK Runtime Environment Corretto-11.0.17.8.1 (11.0.17+8) (build 11.0.17+8-LTS)
# Java VM: OpenJDK 64-Bit Server VM Corretto-11.0.17.8.1 (11.0.17+8-LTS, mixed mode, tiered, compressed oops, g1 gc, windows-amd64)
Heap:
 garbage-first heap   total 266240K, used 231363K [0x00000000e0000000, 0x0000000100000000)
  region size 1024K, 103 young (105472K), 7 survivors (7168K)
 Metaspace       used 51198K, capacity 52556K, committed 52784K, reserved 301056K
  class space    used 6477K, capacity 6992K, committed 7040K, reserved 253952K
GC Heap History (20 events):
Event: 14.380 GC heap after
{Heap after GC invocations=59 (full 0):
 garbage-first heap   total 266240K, used 123795K [0x00000000e0000000, 0x0000000100000000)
  region size 1024K, 9 young (9216K), 9 survivors (9216K)
 Metaspace       used 51245K, capacity 52631K, committed 52784K, reserved 301056K
  class space    used 6494K, capacity 7017K, committed 7040K, reserved 253952K
}
Event: 14.479 GC heap before
{Heap before GC invocations=59 (full 0):
 garbage-first heap   total 266240K, used 231315K [0x00000000e0000000, 0x0000000100000000)
  region size 1024K, 112 young (114688K), 9 survivors (9216K)
 Metaspace       used 51246K, capacity 52631K, committed 52784K, reserved 301056K
  class space    used 6494K, capacity 7017K, committed 7040K, reserved 253952K
}
Event: 14.482 GC heap after
{Heap after GC invocations=60 (full 0):
 garbage-first heap   total 266240K, used 118605K [0x00000000e0000000, 0x0000000100000000)
  region size 1024K, 6 young (6144K), 6 survivors (6144K)
 Metaspace       used 51246K, capacity 52631K, committed 52784K, reserved 301056K
  class space    used 6494K, capacity 7017K, committed 7040K, reserved 253952K
}
Event: 14.623 GC heap before
{Heap before GC invocations=60 (full 0):
 garbage-first heap   total 266240K, used 232269K [0x00000000e0000000, 0x0000000100000000)
  region size 1024K, 117 young (119808K), 6 survivors (6144K)
 Metaspace       used 51247K, capacity 52631K, committed 52784K, reserved 301056K
  class space    used 6494K, capacity 7017K, committed 7040K, reserved 253952K
}
Event: 14.627 GC heap after
{Heap after GC invocations=61 (full 0):
 garbage-first heap   total 266240K, used 119671K [0x00000000e0000000, 0x0000000100000000)
  region size 1024K, 7 young (7168K), 7 survivors (7168K)
 Metaspace       used 51247K, capacity 52631K, committed 52784K, reserved 301056K
  class space    used 6494K, capacity 7017K, committed 7040K, reserved 253952K
}
Event: 14.760 GC heap before
{Heap before GC invocations=61 (full 0):
 garbage-first heap   total 266240K, used 231287K [0x00000000e0000000, 0x0000000100000000)
  region size 1024K, 116 young (118784K), 7 survivors (7168K)
 Metaspace       used 51247K, capacity 52631K, committed 52784K, reserved 301056K
  class space    used 6494K, capacity 7017K, committed 7040K, reserved 253952K
}
Event: 14.764 GC heap after
{Heap after GC invocations=62 (full 0):
 garbage-first heap   total 266240K, used 120761K [0x00000000e0000000, 0x0000000100000000)
  region size 1024K, 8 young (8192K), 8 survivors (8192K)
 Metaspace       used 51247K, capacity 52631K, committed 52784K, reserved 301056K
  class space    used 6494K, capacity 7017K, committed 7040K, reserved 253952K
}
Event: 14.897 GC heap before
{Heap before GC invocations=62 (full 0):
 garbage-first heap   total 266240K, used 232377K [0x00000000e0000000, 0x0000000100000000)
  region size 1024K, 115 young (117760K), 8 survivors (8192K)
 Metaspace       used 51247K, capacity 52631K, committed 52784K, reserved 301056K
  class space    used 6494K, capacity 7017K, committed 7040K, reserved 253952K
}
Event: 14.901 GC heap after
{Heap after GC invocations=63 (full 0):
 garbage-first heap   total 266240K, used 121876K [0x00000000e0000000, 0x0000000100000000)
  region size 1024K, 9 young (9216K), 9 survivors (9216K)
 Metaspace       used 51247K, capacity 52631K, committed 52784K, reserved 301056K
  class space    used 6494K, capacity 7017K, committed 7040K, reserved 253952K
}
Event: 15.029 GC heap before
{Heap before GC invocations=63 (full 0):
 garbage-first heap   total 266240K, used 228372K [0x00000000e0000000, 0x0000000100000000)
  region size 1024K, 114 young (116736K), 9 survivors (9216K)
 Metaspace       used 51247K, capacity 52631K, committed 52784K, reserved 301056K
  class space    used 6494K, capacity 7017K, committed 7040K, reserved 253952K
}
Event: 15.034 GC heap after
{Heap after GC invocations=64 (full 0):
 garbage-first heap   total 266240K, used 122547K [0x00000000e0000000, 0x0000000100000000)
  region size 1024K, 9 young (9216K), 9 survivors (9216K)
 Metaspace       used 51247K, capacity 52631K, committed 52784K, reserved 301056K
  class space    used 6494K, capacity 7017K, committed 7040K, reserved 253952K
}
Event: 15.181 GC heap before
{Heap before GC invocations=64 (full 0):
 garbage-first heap   total 266240K, used 231091K [0x00000000e0000000, 0x0000000100000000)
  region size 1024K, 114 young (116736K), 9 survivors (9216K)
 Metaspace       used 51247K, capacity 52631K, committed 52784K, reserved 301056K
  class space    used 6494K, capacity 7017K, committed 7040K, reserved 253952K
}
Event: 15.186 GC heap after
{Heap after GC invocations=65 (full 0):
 garbage-first heap   total 266240K, used 123951K [0x00000000e0000000, 0x0000000100000000)
  region size 1024K, 10 young (10240K), 10 survivors (10240K)
 Metaspace       used 51247K, capacity 52631K, committed 52784K, reserved 301056K
  class space    used 6494K, capacity 7017K, committed 7040K, reserved 253952K
}
Event: 15.341 GC heap before
{Heap before GC invocations=65 (full 0):
 garbage-first heap   total 266240K, used 231471K [0x00000000e0000000, 0x0000000100000000)
  region size 1024K, 112 young (114688K), 10 survivors (10240K)
 Metaspace       used 51247K, capacity 52631K, committed 52784K, reserved 301056K
  class space    used 6494K, capacity 7017K, committed 7040K, reserved 253952K
}
Event: 15.346 GC heap after
{Heap after GC invocations=66 (full 0):
 garbage-first heap   total 266240K, used 125019K [0x00000000e0000000, 0x0000000100000000)
  region size 1024K, 9 young (9216K), 9 survivors (9216K)
 Metaspace       used 51247K, capacity 52631K, committed 52784K, reserved 301056K
  class space    used 6494K, capacity 7017K, committed 7040K, reserved 253952K
}
Event: 15.474 GC heap before
{Heap before GC invocations=66 (full 0):
 garbage-first heap   total 266240K, used 228443K [0x00000000e0000000, 0x0000000100000000)
  region size 1024K, 111 young (113664K), 9 survivors (9216K)
 Metaspace       used 51247K, capacity 52631K, committed 52784K, reserved 301056K
  class space    used 6494K, capacity 7017K, committed 7040K, reserved 253952K
}
Event: 15.479 GC heap after
{Heap after GC invocations=67 (full 0):
 garbage-first heap   total 266240K, used 125999K [0x00000000e0000000, 0x0000000100000000)
  region size 1024K, 9 young (9216K), 9 survivors (9216K)
 Metaspace       used 51247K, capacity 52631K, committed 52784K, reserved 301056K
  class space    used 6494K, capacity 7017K, committed 7040K, reserved 253952K
}
Event: 15.509 GC heap before
{Heap before GC invocations=67 (full 0):
 garbage-first heap   total 266240K, used 152623K [0x00000000e0000000, 0x0000000100000000)
  region size 1024K, 34 young (34816K), 9 survivors (9216K)
 Metaspace       used 51247K, capacity 52631K, committed 52784K, reserved 301056K
  class space    used 6494K, capacity 7017K, committed 7040K, reserved 253952K
}
Event: 15.514 GC heap after
{Heap after GC invocations=68 (full 0):
 garbage-first heap   total 266240K, used 128964K [0x00000000e0000000, 0x0000000100000000)
  region size 1024K, 8 young (8192K), 8 survivors (8192K)
 Metaspace       used 51247K, capacity 52631K, committed 52784K, reserved 301056K
  class space    used 6494K, capacity 7017K, committed 7040K, reserved 253952K
}
Event: 15.643 GC heap before
{Heap before GC invocations=69 (full 0):
 garbage-first heap   total 266240K, used 230340K [0x00000000e0000000, 0x0000000100000000)
  region size 1024K, 104 young (106496K), 8 survivors (8192K)
 Metaspace       used 51198K, capacity 52556K, committed 52784K, reserved 301056K
  class space    used 6477K, capacity 6992K, committed 7040K, reserved 253952K
}

